{"C:/Users/Bruno/Desktop/Code/condition-editor/src/App.tsx": {"path":"C:/Users/Bruno/Desktop/Code/condition-editor/src/App.tsx","statementMap":{"0":{"start":{"line":6,"column":2},"end":{"line":13,"column":null}}},"fnMap":{"0":{"name":"App","decl":{"start":{"line":5,"column":9},"end":{"line":5,"column":15}},"loc":{"start":{"line":5,"column":15},"end":{"line":15,"column":null}}}},"branchMap":{},"s":{"0":31},"f":{"0":31},"b":{}}
,"C:/Users/Bruno/Desktop/Code/condition-editor/src/components/Filter.tsx": {"path":"C:/Users/Bruno/Desktop/Code/condition-editor/src/components/Filter.tsx","statementMap":{"0":{"start":{"line":11,"column":15},"end":{"line":146,"column":null}},"1":{"start":{"line":20,"column":6},"end":{"line":20,"column":null}},"2":{"start":{"line":22,"column":22},"end":{"line":22,"column":null}},"3":{"start":{"line":23,"column":25},"end":{"line":23,"column":null}},"4":{"start":{"line":24,"column":22},"end":{"line":24,"column":null}},"5":{"start":{"line":25,"column":19},"end":{"line":25,"column":null}},"6":{"start":{"line":27,"column":26},"end":{"line":27,"column":null}},"7":{"start":{"line":28,"column":26},"end":{"line":28,"column":null}},"8":{"start":{"line":29,"column":37},"end":{"line":29,"column":null}},"9":{"start":{"line":31,"column":16},"end":{"line":34,"column":null}},"10":{"start":{"line":36,"column":28},"end":{"line":39,"column":null}},"11":{"start":{"line":42,"column":4},"end":{"line":42,"column":null}},"12":{"start":{"line":44,"column":29},"end":{"line":44,"column":null}},"13":{"start":{"line":47,"column":4},"end":{"line":47,"column":null}},"14":{"start":{"line":47,"column":22},"end":{"line":47,"column":null}},"15":{"start":{"line":48,"column":4},"end":{"line":48,"column":null}},"16":{"start":{"line":52,"column":4},"end":{"line":52,"column":null}},"17":{"start":{"line":52,"column":27},"end":{"line":52,"column":null}},"18":{"start":{"line":53,"column":4},"end":{"line":53,"column":null}},"19":{"start":{"line":56,"column":2},"end":{"line":144,"column":null}},"20":{"start":{"line":67,"column":10},"end":{"line":71,"column":null}},"21":{"start":{"line":75,"column":36},"end":{"line":79,"column":null}},"22":{"start":{"line":80,"column":35},"end":{"line":83,"column":null}},"23":{"start":{"line":98,"column":14},"end":{"line":98,"column":null}},"24":{"start":{"line":111,"column":29},"end":{"line":111,"column":null}},"25":{"start":{"line":123,"column":31},"end":{"line":123,"column":null}},"26":{"start":{"line":139,"column":25},"end":{"line":139,"column":null}}},"fnMap":{"0":{"name":"(anonymous_0)","decl":{"start":{"line":11,"column":15},"end":{"line":11,"column":21}},"loc":{"start":{"line":11,"column":21},"end":{"line":146,"column":null}}},"1":{"name":"clearSelect","decl":{"start":{"line":46,"column":11},"end":{"line":46,"column":23}},"loc":{"start":{"line":46,"column":58},"end":{"line":49,"column":null}}},"2":{"name":"clearInput","decl":{"start":{"line":51,"column":11},"end":{"line":51,"column":24}},"loc":{"start":{"line":51,"column":24},"end":{"line":54,"column":null}}},"3":{"name":"(anonymous_3)","decl":{"start":{"line":66,"column":18},"end":{"line":66,"column":19}},"loc":{"start":{"line":67,"column":10},"end":{"line":71,"column":null}}},"4":{"name":"(anonymous_4)","decl":{"start":{"line":75,"column":19},"end":{"line":75,"column":20}},"loc":{"start":{"line":75,"column":36},"end":{"line":79,"column":null}}},"5":{"name":"(anonymous_5)","decl":{"start":{"line":80,"column":18},"end":{"line":80,"column":19}},"loc":{"start":{"line":80,"column":35},"end":{"line":83,"column":null}}},"6":{"name":"(anonymous_6)","decl":{"start":{"line":97,"column":22},"end":{"line":97,"column":23}},"loc":{"start":{"line":98,"column":14},"end":{"line":98,"column":null}}},"7":{"name":"(anonymous_7)","decl":{"start":{"line":111,"column":22},"end":{"line":111,"column":23}},"loc":{"start":{"line":111,"column":29},"end":{"line":111,"column":null}}},"8":{"name":"(anonymous_8)","decl":{"start":{"line":123,"column":24},"end":{"line":123,"column":25}},"loc":{"start":{"line":123,"column":31},"end":{"line":123,"column":null}}},"9":{"name":"(anonymous_9)","decl":{"start":{"line":139,"column":19},"end":{"line":139,"column":25}},"loc":{"start":{"line":139,"column":25},"end":{"line":139,"column":null}}}},"branchMap":{"0":{"loc":{"start":{"line":29,"column":37},"end":{"line":29,"column":null}},"type":"binary-expr","locations":[{"start":{"line":29,"column":37},"end":{"line":29,"column":55}},{"start":{"line":29,"column":55},"end":{"line":29,"column":null}}]},"1":{"loc":{"start":{"line":42,"column":4},"end":{"line":42,"column":null}},"type":"binary-expr","locations":[{"start":{"line":42,"column":4},"end":{"line":42,"column":13}},{"start":{"line":42,"column":13},"end":{"line":42,"column":33}},{"start":{"line":42,"column":33},"end":{"line":42,"column":51}},{"start":{"line":42,"column":51},"end":{"line":42,"column":null}}]},"2":{"loc":{"start":{"line":47,"column":4},"end":{"line":47,"column":null}},"type":"if","locations":[{"start":{"line":47,"column":4},"end":{"line":47,"column":null}},{"start":{"line":47,"column":4},"end":{"line":47,"column":null}}]},"3":{"loc":{"start":{"line":52,"column":4},"end":{"line":52,"column":null}},"type":"if","locations":[{"start":{"line":52,"column":4},"end":{"line":52,"column":null}},{"start":{"line":52,"column":4},"end":{"line":52,"column":null}}]},"4":{"loc":{"start":{"line":87,"column":7},"end":{"line":102,"column":null}},"type":"binary-expr","locations":[{"start":{"line":87,"column":7},"end":{"line":87,"column":null}},{"start":{"line":88,"column":8},"end":{"line":102,"column":null}}]},"5":{"loc":{"start":{"line":105,"column":7},"end":{"line":127,"column":null}},"type":"binary-expr","locations":[{"start":{"line":105,"column":7},"end":{"line":105,"column":null}},{"start":{"line":106,"column":9},"end":{"line":127,"column":null}}]},"6":{"loc":{"start":{"line":106,"column":9},"end":{"line":127,"column":null}},"type":"cond-expr","locations":[{"start":{"line":107,"column":10},"end":{"line":113,"column":null}},{"start":{"line":115,"column":10},"end":{"line":127,"column":null}}]},"7":{"loc":{"start":{"line":132,"column":20},"end":{"line":132,"column":null}},"type":"binary-expr","locations":[{"start":{"line":132,"column":20},"end":{"line":132,"column":39}},{"start":{"line":132,"column":39},"end":{"line":132,"column":null}}]}},"s":{"0":1,"1":110,"2":110,"3":110,"4":110,"5":110,"6":110,"7":110,"8":110,"9":110,"10":110,"11":110,"12":110,"13":72,"14":72,"15":0,"16":24,"17":24,"18":0,"19":110,"20":24,"21":158,"22":120,"23":24,"24":7,"25":4,"26":0},"f":{"0":110,"1":72,"2":24,"3":24,"4":158,"5":120,"6":24,"7":7,"8":4,"9":0},"b":{"0":[110,79],"1":[110,55,35,35],"2":[72,0],"3":[24,0],"4":[110,79],"5":[110,35],"6":[27,8],"7":[110,79]}}
,"C:/Users/Bruno/Desktop/Code/condition-editor/src/components/ProductsTable.tsx": {"path":"C:/Users/Bruno/Desktop/Code/condition-editor/src/components/ProductsTable.tsx","statementMap":{"0":{"start":{"line":6,"column":22},"end":{"line":44,"column":null}},"1":{"start":{"line":7,"column":31},"end":{"line":7,"column":null}},"2":{"start":{"line":9,"column":2},"end":{"line":42,"column":null}},"3":{"start":{"line":14,"column":12},"end":{"line":21,"column":null}},"4":{"start":{"line":27,"column":10},"end":{"line":39,"column":null}},"5":{"start":{"line":29,"column":14},"end":{"line":36,"column":null}}},"fnMap":{"0":{"name":"(anonymous_0)","decl":{"start":{"line":6,"column":22},"end":{"line":6,"column":28}},"loc":{"start":{"line":6,"column":28},"end":{"line":44,"column":null}}},"1":{"name":"(anonymous_1)","decl":{"start":{"line":13,"column":26},"end":{"line":13,"column":27}},"loc":{"start":{"line":14,"column":12},"end":{"line":21,"column":null}}},"2":{"name":"(anonymous_2)","decl":{"start":{"line":26,"column":30},"end":{"line":26,"column":31}},"loc":{"start":{"line":27,"column":10},"end":{"line":39,"column":null}}},"3":{"name":"(anonymous_3)","decl":{"start":{"line":28,"column":41},"end":{"line":28,"column":42}},"loc":{"start":{"line":29,"column":14},"end":{"line":36,"column":null}}}},"branchMap":{"0":{"loc":{"start":{"line":38,"column":13},"end":{"line":38,"column":null}},"type":"binary-expr","locations":[{"start":{"line":38,"column":13},"end":{"line":38,"column":67}},{"start":{"line":38,"column":67},"end":{"line":38,"column":null}}]}},"s":{"0":1,"1":110,"2":110,"3":550,"4":579,"5":2607},"f":{"0":110,"1":550,"2":579,"3":2607},"b":{"0":[579,288]}}
,"C:/Users/Bruno/Desktop/Code/condition-editor/src/context/FilterContext.tsx": {"path":"C:/Users/Bruno/Desktop/Code/condition-editor/src/context/FilterContext.tsx","statementMap":{"0":{"start":{"line":44,"column":29},"end":{"line":57,"column":null}},"1":{"start":{"line":46,"column":27},"end":{"line":46,"column":null}},"2":{"start":{"line":48,"column":27},"end":{"line":48,"column":null}},"3":{"start":{"line":49,"column":22},"end":{"line":49,"column":null}},"4":{"start":{"line":51,"column":24},"end":{"line":51,"column":null}},"5":{"start":{"line":53,"column":29},"end":{"line":53,"column":null}},"6":{"start":{"line":54,"column":24},"end":{"line":54,"column":null}},"7":{"start":{"line":55,"column":24},"end":{"line":55,"column":null}},"8":{"start":{"line":56,"column":21},"end":{"line":56,"column":null}},"9":{"start":{"line":59,"column":23},"end":{"line":141,"column":null}},"10":{"start":{"line":60,"column":46},"end":{"line":62,"column":null}},"11":{"start":{"line":63,"column":46},"end":{"line":65,"column":null}},"12":{"start":{"line":66,"column":40},"end":{"line":71,"column":null}},"13":{"start":{"line":72,"column":50},"end":{"line":72,"column":null}},"14":{"start":{"line":76,"column":29},"end":{"line":76,"column":null}},"15":{"start":{"line":77,"column":4},"end":{"line":77,"column":null}},"16":{"start":{"line":78,"column":4},"end":{"line":78,"column":null}},"17":{"start":{"line":79,"column":4},"end":{"line":79,"column":null}},"18":{"start":{"line":84,"column":29},"end":{"line":84,"column":null}},"19":{"start":{"line":85,"column":4},"end":{"line":85,"column":null}},"20":{"start":{"line":86,"column":4},"end":{"line":86,"column":null}},"21":{"start":{"line":91,"column":4},"end":{"line":91,"column":null}},"22":{"start":{"line":92,"column":4},"end":{"line":92,"column":null}},"23":{"start":{"line":93,"column":4},"end":{"line":93,"column":null}},"24":{"start":{"line":94,"column":4},"end":{"line":94,"column":null}},"25":{"start":{"line":98,"column":4},"end":{"line":98,"column":null}},"26":{"start":{"line":100,"column":21},"end":{"line":118,"column":null}},"27":{"start":{"line":101,"column":23},"end":{"line":101,"column":null}},"28":{"start":{"line":102,"column":23},"end":{"line":102,"column":null}},"29":{"start":{"line":103,"column":28},"end":{"line":106,"column":null}},"30":{"start":{"line":108,"column":6},"end":{"line":110,"column":null}},"31":{"start":{"line":109,"column":8},"end":{"line":109,"column":null}},"32":{"start":{"line":112,"column":6},"end":{"line":117,"column":null}},"33":{"start":{"line":120,"column":4},"end":{"line":120,"column":null}},"34":{"start":{"line":123,"column":16},"end":{"line":136,"column":null}},"35":{"start":{"line":138,"column":2},"end":{"line":139,"column":null}}},"fnMap":{"0":{"name":"(anonymous_0)","decl":{"start":{"line":46,"column":21},"end":{"line":46,"column":27}},"loc":{"start":{"line":46,"column":27},"end":{"line":46,"column":null}}},"1":{"name":"(anonymous_1)","decl":{"start":{"line":48,"column":21},"end":{"line":48,"column":27}},"loc":{"start":{"line":48,"column":27},"end":{"line":48,"column":null}}},"2":{"name":"(anonymous_2)","decl":{"start":{"line":49,"column":16},"end":{"line":49,"column":22}},"loc":{"start":{"line":49,"column":22},"end":{"line":49,"column":null}}},"3":{"name":"(anonymous_3)","decl":{"start":{"line":51,"column":18},"end":{"line":51,"column":24}},"loc":{"start":{"line":51,"column":24},"end":{"line":51,"column":null}}},"4":{"name":"(anonymous_4)","decl":{"start":{"line":53,"column":23},"end":{"line":53,"column":29}},"loc":{"start":{"line":53,"column":29},"end":{"line":53,"column":null}}},"5":{"name":"(anonymous_5)","decl":{"start":{"line":54,"column":18},"end":{"line":54,"column":24}},"loc":{"start":{"line":54,"column":24},"end":{"line":54,"column":null}}},"6":{"name":"(anonymous_6)","decl":{"start":{"line":55,"column":18},"end":{"line":55,"column":24}},"loc":{"start":{"line":55,"column":24},"end":{"line":55,"column":null}}},"7":{"name":"(anonymous_7)","decl":{"start":{"line":56,"column":15},"end":{"line":56,"column":21}},"loc":{"start":{"line":56,"column":21},"end":{"line":56,"column":null}}},"8":{"name":"(anonymous_8)","decl":{"start":{"line":59,"column":23},"end":{"line":59,"column":24}},"loc":{"start":{"line":59,"column":66},"end":{"line":141,"column":null}}},"9":{"name":"changeProperty","decl":{"start":{"line":75,"column":11},"end":{"line":75,"column":26}},"loc":{"start":{"line":75,"column":73},"end":{"line":80,"column":null}}},"10":{"name":"changeOperator","decl":{"start":{"line":83,"column":11},"end":{"line":83,"column":26}},"loc":{"start":{"line":83,"column":73},"end":{"line":87,"column":null}}},"11":{"name":"clearFilter","decl":{"start":{"line":90,"column":11},"end":{"line":90,"column":26}},"loc":{"start":{"line":90,"column":38},"end":{"line":95,"column":null}}},"12":{"name":"submitFilter","decl":{"start":{"line":97,"column":11},"end":{"line":97,"column":24}},"loc":{"start":{"line":97,"column":61},"end":{"line":121,"column":null}}},"13":{"name":"(anonymous_13)","decl":{"start":{"line":100,"column":37},"end":{"line":100,"column":38}},"loc":{"start":{"line":100,"column":50},"end":{"line":118,"column":5}}}},"branchMap":{"0":{"loc":{"start":{"line":108,"column":6},"end":{"line":110,"column":null}},"type":"if","locations":[{"start":{"line":108,"column":6},"end":{"line":110,"column":null}},{"start":{"line":108,"column":6},"end":{"line":110,"column":null}}]},"1":{"loc":{"start":{"line":108,"column":10},"end":{"line":108,"column":34}},"type":"binary-expr","locations":[{"start":{"line":108,"column":10},"end":{"line":108,"column":23}},{"start":{"line":108,"column":23},"end":{"line":108,"column":34}}]}},"s":{"0":1,"1":0,"2":0,"3":0,"4":0,"5":0,"6":0,"7":0,"8":0,"9":1,"10":110,"11":110,"12":110,"13":110,"14":24,"15":24,"16":24,"17":24,"18":24,"19":24,"20":24,"21":0,"22":0,"23":0,"24":0,"25":20,"26":20,"27":120,"28":120,"29":120,"30":120,"31":0,"32":120,"33":20,"34":110,"35":110},"f":{"0":0,"1":0,"2":0,"3":0,"4":0,"5":0,"6":0,"7":0,"8":110,"9":24,"10":24,"11":0,"12":20,"13":120},"b":{"0":[0,120],"1":[120,120]}}
,"C:/Users/Bruno/Desktop/Code/condition-editor/src/hooks/useFindEnumeratedOptions.ts": {"path":"C:/Users/Bruno/Desktop/Code/condition-editor/src/hooks/useFindEnumeratedOptions.ts","statementMap":{"0":{"start":{"line":5,"column":15},"end":{"line":5,"column":null}},"1":{"start":{"line":7,"column":33},"end":{"line":22,"column":null}},"2":{"start":{"line":11,"column":2},"end":{"line":17,"column":null}},"3":{"start":{"line":17,"column":4},"end":{"line":17,"column":null}},"4":{"start":{"line":19,"column":19},"end":{"line":19,"column":null}},"5":{"start":{"line":19,"column":45},"end":{"line":19,"column":75}},"6":{"start":{"line":21,"column":2},"end":{"line":21,"column":null}}},"fnMap":{"0":{"name":"(anonymous_0)","decl":{"start":{"line":7,"column":33},"end":{"line":7,"column":null}},"loc":{"start":{"line":10,"column":5},"end":{"line":22,"column":null}}},"1":{"name":"(anonymous_1)","decl":{"start":{"line":19,"column":35},"end":{"line":19,"column":36}},"loc":{"start":{"line":19,"column":45},"end":{"line":19,"column":75}}}},"branchMap":{"0":{"loc":{"start":{"line":11,"column":2},"end":{"line":17,"column":null}},"type":"if","locations":[{"start":{"line":11,"column":2},"end":{"line":17,"column":null}},{"start":{"line":11,"column":2},"end":{"line":17,"column":null}}]},"1":{"loc":{"start":{"line":12,"column":4},"end":{"line":15,"column":null}},"type":"binary-expr","locations":[{"start":{"line":12,"column":4},"end":{"line":12,"column":null}},{"start":{"line":13,"column":4},"end":{"line":13,"column":null}},{"start":{"line":14,"column":4},"end":{"line":14,"column":null}},{"start":{"line":15,"column":4},"end":{"line":15,"column":null}}]}},"s":{"0":1,"1":1,"2":110,"3":102,"4":8,"5":36,"6":8},"f":{"0":110,"1":36},"b":{"0":[102,8],"1":[110,79,55,25]}}
,"C:/Users/Bruno/Desktop/Code/condition-editor/src/hooks/useFindPossibleOperators.ts": {"path":"C:/Users/Bruno/Desktop/Code/condition-editor/src/hooks/useFindPossibleOperators.ts","statementMap":{"0":{"start":{"line":6,"column":33},"end":{"line":18,"column":null}},"1":{"start":{"line":7,"column":2},"end":{"line":7,"column":null}},"2":{"start":{"line":7,"column":23},"end":{"line":7,"column":null}},"3":{"start":{"line":9,"column":36},"end":{"line":9,"column":null}},"4":{"start":{"line":11,"column":32},"end":{"line":13,"column":null}},"5":{"start":{"line":12,"column":4},"end":{"line":12,"column":null}},"6":{"start":{"line":12,"column":27},"end":{"line":12,"column":39}},"7":{"start":{"line":15,"column":2},"end":{"line":15,"column":null}},"8":{"start":{"line":15,"column":30},"end":{"line":15,"column":null}},"9":{"start":{"line":17,"column":2},"end":{"line":17,"column":null}}},"fnMap":{"0":{"name":"(anonymous_0)","decl":{"start":{"line":6,"column":33},"end":{"line":6,"column":34}},"loc":{"start":{"line":6,"column":75},"end":{"line":18,"column":null}}},"1":{"name":"(anonymous_1)","decl":{"start":{"line":11,"column":48},"end":{"line":11,"column":49}},"loc":{"start":{"line":12,"column":4},"end":{"line":12,"column":null}}},"2":{"name":"(anonymous_2)","decl":{"start":{"line":12,"column":19},"end":{"line":12,"column":20}},"loc":{"start":{"line":12,"column":27},"end":{"line":12,"column":39}}}},"branchMap":{"0":{"loc":{"start":{"line":7,"column":2},"end":{"line":7,"column":null}},"type":"if","locations":[{"start":{"line":7,"column":2},"end":{"line":7,"column":null}},{"start":{"line":7,"column":2},"end":{"line":7,"column":null}}]},"1":{"loc":{"start":{"line":15,"column":2},"end":{"line":15,"column":null}},"type":"if","locations":[{"start":{"line":15,"column":2},"end":{"line":15,"column":null}},{"start":{"line":15,"column":2},"end":{"line":15,"column":null}}]}},"s":{"0":1,"1":110,"2":31,"3":79,"4":79,"5":390,"6":1611,"7":79,"8":0,"9":79},"f":{"0":110,"1":390,"2":1611},"b":{"0":[31,79],"1":[0,79]}}
,"C:/Users/Bruno/Desktop/Code/condition-editor/src/hooks/useGetInputType.ts": {"path":"C:/Users/Bruno/Desktop/Code/condition-editor/src/hooks/useGetInputType.ts","statementMap":{"0":{"start":{"line":8,"column":32},"end":{"line":8,"column":null}},"1":{"start":{"line":10,"column":31},"end":{"line":14,"column":null}},"2":{"start":{"line":16,"column":24},"end":{"line":29,"column":null}},"3":{"start":{"line":17,"column":2},"end":{"line":17,"column":null}},"4":{"start":{"line":17,"column":42},"end":{"line":17,"column":null}},"5":{"start":{"line":19,"column":21},"end":{"line":19,"column":null}},"6":{"start":{"line":21,"column":31},"end":{"line":21,"column":null}},"7":{"start":{"line":24,"column":4},"end":{"line":26,"column":null}},"8":{"start":{"line":28,"column":2},"end":{"line":28,"column":null}}},"fnMap":{"0":{"name":"(anonymous_0)","decl":{"start":{"line":16,"column":24},"end":{"line":16,"column":25}},"loc":{"start":{"line":16,"column":71},"end":{"line":29,"column":null}}}},"branchMap":{"0":{"loc":{"start":{"line":17,"column":2},"end":{"line":17,"column":null}},"type":"if","locations":[{"start":{"line":17,"column":2},"end":{"line":17,"column":null}},{"start":{"line":17,"column":2},"end":{"line":17,"column":null}}]},"1":{"loc":{"start":{"line":17,"column":6},"end":{"line":17,"column":42}},"type":"binary-expr","locations":[{"start":{"line":17,"column":6},"end":{"line":17,"column":25}},{"start":{"line":17,"column":25},"end":{"line":17,"column":42}}]},"2":{"loc":{"start":{"line":24,"column":4},"end":{"line":26,"column":null}},"type":"cond-expr","locations":[{"start":{"line":25,"column":8},"end":{"line":25,"column":null}},{"start":{"line":26,"column":8},"end":{"line":26,"column":null}}]},"3":{"loc":{"start":{"line":24,"column":4},"end":{"line":24,"column":null}},"type":"binary-expr","locations":[{"start":{"line":24,"column":4},"end":{"line":24,"column":28}},{"start":{"line":24,"column":28},"end":{"line":24,"column":null}}]}},"s":{"0":1,"1":1,"2":1,"3":110,"4":55,"5":55,"6":55,"7":55,"8":55},"f":{"0":110},"b":{"0":[55,55],"1":[110,79],"2":[6,49],"3":[55,13]}}
,"C:/Users/Bruno/Desktop/Code/condition-editor/src/store/index.ts": {"path":"C:/Users/Bruno/Desktop/Code/condition-editor/src/store/index.ts","statementMap":{"0":{"start":{"line":9,"column":35},"end":{"line":148,"column":null}},"1":{"start":{"line":150,"column":38},"end":{"line":178,"column":null}},"2":{"start":{"line":180,"column":37},"end":{"line":209,"column":null}}},"fnMap":{},"branchMap":{},"s":{"0":2,"1":2,"2":2},"f":{},"b":{}}
,"C:/Users/Bruno/Desktop/Code/condition-editor/src/types/index.ts": {"path":"C:/Users/Bruno/Desktop/Code/condition-editor/src/types/index.ts","statementMap":{"0":{"start":{"line":11,"column":7},"end":{"line":11,"column":null}},"1":{"start":{"line":12,"column":2},"end":{"line":12,"column":null}},"2":{"start":{"line":13,"column":2},"end":{"line":13,"column":null}},"3":{"start":{"line":14,"column":2},"end":{"line":14,"column":null}},"4":{"start":{"line":11,"column":12},"end":{"line":11,"column":null}},"5":{"start":{"line":29,"column":7},"end":{"line":29,"column":null}},"6":{"start":{"line":30,"column":2},"end":{"line":30,"column":null}},"7":{"start":{"line":31,"column":2},"end":{"line":31,"column":null}},"8":{"start":{"line":32,"column":2},"end":{"line":32,"column":null}},"9":{"start":{"line":33,"column":2},"end":{"line":33,"column":null}},"10":{"start":{"line":34,"column":2},"end":{"line":34,"column":null}},"11":{"start":{"line":35,"column":2},"end":{"line":35,"column":null}},"12":{"start":{"line":36,"column":2},"end":{"line":36,"column":null}},"13":{"start":{"line":29,"column":12},"end":{"line":29,"column":null}}},"fnMap":{"0":{"name":"(anonymous_0)","decl":{"start":{"line":11,"column":7},"end":{"line":11,"column":12}},"loc":{"start":{"line":11,"column":7},"end":{"line":11,"column":null}}},"1":{"name":"(anonymous_1)","decl":{"start":{"line":29,"column":7},"end":{"line":29,"column":12}},"loc":{"start":{"line":29,"column":7},"end":{"line":29,"column":null}}}},"branchMap":{"0":{"loc":{"start":{"line":11,"column":12},"end":{"line":11,"column":null}},"type":"binary-expr","locations":[{"start":{"line":11,"column":12},"end":{"line":11,"column":null}},{"start":{"line":11,"column":12},"end":{"line":11,"column":null}}]},"1":{"loc":{"start":{"line":29,"column":12},"end":{"line":29,"column":null}},"type":"binary-expr","locations":[{"start":{"line":29,"column":12},"end":{"line":29,"column":null}},{"start":{"line":29,"column":12},"end":{"line":29,"column":null}}]}},"s":{"0":2,"1":2,"2":2,"3":2,"4":2,"5":2,"6":2,"7":2,"8":2,"9":2,"10":2,"11":2,"12":2,"13":2},"f":{"0":2,"1":2},"b":{"0":[2,2],"1":[2,2]}}
,"C:/Users/Bruno/Desktop/Code/condition-editor/src/utils/findOperatorById.ts": {"path":"C:/Users/Bruno/Desktop/Code/condition-editor/src/utils/findOperatorById.ts","statementMap":{"0":{"start":{"line":5,"column":2},"end":{"line":5,"column":null}},"1":{"start":{"line":5,"column":32},"end":{"line":5,"column":52}}},"fnMap":{"0":{"name":"findOperatorById","decl":{"start":{"line":4,"column":24},"end":{"line":4,"column":41}},"loc":{"start":{"line":4,"column":65},"end":{"line":6,"column":null}}},"1":{"name":"(anonymous_1)","decl":{"start":{"line":5,"column":24},"end":{"line":5,"column":25}},"loc":{"start":{"line":5,"column":32},"end":{"line":5,"column":52}}}},"branchMap":{},"s":{"0":168,"1":708},"f":{"0":168,"1":708},"b":{}}
,"C:/Users/Bruno/Desktop/Code/condition-editor/src/utils/findPropertyById.ts": {"path":"C:/Users/Bruno/Desktop/Code/condition-editor/src/utils/findPropertyById.ts","statementMap":{"0":{"start":{"line":4,"column":2},"end":{"line":4,"column":null}},"1":{"start":{"line":4,"column":35},"end":{"line":4,"column":57}}},"fnMap":{"0":{"name":"findPropertyById","decl":{"start":{"line":3,"column":24},"end":{"line":3,"column":41}},"loc":{"start":{"line":3,"column":61},"end":{"line":5,"column":null}}},"1":{"name":"(anonymous_1)","decl":{"start":{"line":4,"column":25},"end":{"line":4,"column":26}},"loc":{"start":{"line":4,"column":35},"end":{"line":4,"column":57}}}},"branchMap":{},"s":{"0":144,"1":375},"f":{"0":144,"1":375},"b":{}}
,"C:/Users/Bruno/Desktop/Code/condition-editor/src/utils/findPropertyValueByPropertyId.ts": {"path":"C:/Users/Bruno/Desktop/Code/condition-editor/src/utils/findPropertyValueByPropertyId.ts","statementMap":{"0":{"start":{"line":12,"column":2},"end":{"line":14,"column":null}},"1":{"start":{"line":13,"column":15},"end":{"line":13,"column":null}}},"fnMap":{"0":{"name":"findPropertyValueByPropertyId","decl":{"start":{"line":8,"column":24},"end":{"line":8,"column":54}},"loc":{"start":{"line":11,"column":11},"end":{"line":15,"column":null}}},"1":{"name":"(anonymous_1)","decl":{"start":{"line":13,"column":4},"end":{"line":13,"column":5}},"loc":{"start":{"line":13,"column":15},"end":{"line":13,"column":null}}}},"branchMap":{},"s":{"0":120,"1":300},"f":{"0":120,"1":300},"b":{}}
,"C:/Users/Bruno/Desktop/Code/condition-editor/src/utils/formatEnumToDropdownObject.ts": {"path":"C:/Users/Bruno/Desktop/Code/condition-editor/src/utils/formatEnumToDropdownObject.ts","statementMap":{"0":{"start":{"line":2,"column":2},"end":{"line":8,"column":null}},"1":{"start":{"line":3,"column":4},"end":{"line":7,"column":null}}},"fnMap":{"0":{"name":"formatEnumToDropdownObject","decl":{"start":{"line":1,"column":24},"end":{"line":1,"column":51}},"loc":{"start":{"line":1,"column":70},"end":{"line":9,"column":null}}},"1":{"name":"(anonymous_1)","decl":{"start":{"line":2,"column":21},"end":{"line":2,"column":22}},"loc":{"start":{"line":2,"column":31},"end":{"line":8,"column":3}}}},"branchMap":{},"s":{"0":8,"1":20},"f":{"0":8,"1":20},"b":{}}
,"C:/Users/Bruno/Desktop/Code/condition-editor/src/utils/formatOperatorToDropdownObject.ts": {"path":"C:/Users/Bruno/Desktop/Code/condition-editor/src/utils/formatOperatorToDropdownObject.ts","statementMap":{"0":{"start":{"line":6,"column":2},"end":{"line":12,"column":null}},"1":{"start":{"line":7,"column":4},"end":{"line":11,"column":null}}},"fnMap":{"0":{"name":"formatOperatorToDropdownObject","decl":{"start":{"line":3,"column":24},"end":{"line":3,"column":null}},"loc":{"start":{"line":5,"column":2},"end":{"line":13,"column":null}}},"1":{"name":"(anonymous_1)","decl":{"start":{"line":6,"column":25},"end":{"line":6,"column":26}},"loc":{"start":{"line":6,"column":33},"end":{"line":12,"column":3}}}},"branchMap":{},"s":{"0":79,"1":390},"f":{"0":79,"1":390},"b":{}}
,"C:/Users/Bruno/Desktop/Code/condition-editor/src/utils/formatPropertyToDropdownObject.ts": {"path":"C:/Users/Bruno/Desktop/Code/condition-editor/src/utils/formatPropertyToDropdownObject.ts","statementMap":{"0":{"start":{"line":6,"column":2},"end":{"line":12,"column":null}},"1":{"start":{"line":7,"column":4},"end":{"line":11,"column":null}}},"fnMap":{"0":{"name":"formatPropertyToDropdownObject","decl":{"start":{"line":3,"column":24},"end":{"line":3,"column":null}},"loc":{"start":{"line":5,"column":2},"end":{"line":13,"column":null}}},"1":{"name":"(anonymous_1)","decl":{"start":{"line":6,"column":25},"end":{"line":6,"column":26}},"loc":{"start":{"line":6,"column":35},"end":{"line":12,"column":3}}}},"branchMap":{},"s":{"0":110,"1":550},"f":{"0":110,"1":550},"b":{}}
,"C:/Users/Bruno/Desktop/Code/condition-editor/src/utils/index.ts": {"path":"C:/Users/Bruno/Desktop/Code/condition-editor/src/utils/index.ts","statementMap":{"0":{"start":{"line":3,"column":37},"end":{"line":25,"column":null}}},"fnMap":{},"branchMap":{},"s":{"0":1},"f":{},"b":{}}
,"C:/Users/Bruno/Desktop/Code/condition-editor/src/validatons/validateOperator.ts": {"path":"C:/Users/Bruno/Desktop/Code/condition-editor/src/validatons/validateOperator.ts","statementMap":{"0":{"start":{"line":28,"column":23},"end":{"line":28,"column":null}},"1":{"start":{"line":31,"column":4},"end":{"line":32,"column":null}},"2":{"start":{"line":34,"column":25},"end":{"line":34,"column":null}},"3":{"start":{"line":37,"column":4},"end":{"line":37,"column":null}},"4":{"start":{"line":39,"column":2},"end":{"line":67,"column":null}},"5":{"start":{"line":41,"column":6},"end":{"line":43,"column":null}},"6":{"start":{"line":45,"column":6},"end":{"line":45,"column":null}},"7":{"start":{"line":47,"column":6},"end":{"line":47,"column":null}},"8":{"start":{"line":49,"column":6},"end":{"line":49,"column":null}},"9":{"start":{"line":51,"column":6},"end":{"line":51,"column":null}},"10":{"start":{"line":53,"column":6},"end":{"line":59,"column":null}},"11":{"start":{"line":58,"column":12},"end":{"line":58,"column":null}},"12":{"start":{"line":61,"column":6},"end":{"line":63,"column":null}},"13":{"start":{"line":66,"column":6},"end":{"line":66,"column":null}}},"fnMap":{"0":{"name":"validateOperator","decl":{"start":{"line":22,"column":9},"end":{"line":22,"column":26}},"loc":{"start":{"line":27,"column":20},"end":{"line":68,"column":null}}},"1":{"name":"(anonymous_1)","decl":{"start":{"line":57,"column":51},"end":{"line":57,"column":52}},"loc":{"start":{"line":57,"column":66},"end":{"line":59,"column":11}}}},"branchMap":{"0":{"loc":{"start":{"line":39,"column":2},"end":{"line":67,"column":null}},"type":"switch","locations":[{"start":{"line":40,"column":4},"end":{"line":43,"column":null}},{"start":{"line":44,"column":4},"end":{"line":45,"column":null}},{"start":{"line":46,"column":4},"end":{"line":47,"column":null}},{"start":{"line":48,"column":4},"end":{"line":49,"column":null}},{"start":{"line":50,"column":4},"end":{"line":51,"column":null}},{"start":{"line":52,"column":4},"end":{"line":59,"column":null}},{"start":{"line":60,"column":4},"end":{"line":63,"column":null}},{"start":{"line":65,"column":4},"end":{"line":66,"column":null}}]},"1":{"loc":{"start":{"line":41,"column":13},"end":{"line":43,"column":null}},"type":"cond-expr","locations":[{"start":{"line":42,"column":10},"end":{"line":42,"column":null}},{"start":{"line":43,"column":10},"end":{"line":43,"column":null}}]},"2":{"loc":{"start":{"line":53,"column":13},"end":{"line":59,"column":null}},"type":"cond-expr","locations":[{"start":{"line":54,"column":10},"end":{"line":56,"column":null}},{"start":{"line":57,"column":10},"end":{"line":59,"column":null}}]},"3":{"loc":{"start":{"line":53,"column":13},"end":{"line":53,"column":null}},"type":"binary-expr","locations":[{"start":{"line":53,"column":13},"end":{"line":53,"column":30}},{"start":{"line":53,"column":30},"end":{"line":53,"column":null}}]}},"s":{"0":120,"1":120,"2":120,"3":120,"4":120,"5":18,"6":6,"7":6,"8":30,"9":30,"10":18,"11":0,"12":12,"13":0},"f":{"0":120,"1":0},"b":{"0":[18,6,6,30,30,18,12,0],"1":[18,0],"2":[18,0],"3":[18,18]}}
}
