{"total": {"lines":{"total":129,"covered":111,"skipped":0,"pct":86.04},"statements":{"total":140,"covered":121,"skipped":0,"pct":86.42},"functions":{"total":51,"covered":40,"skipped":0,"pct":78.43},"branches":{"total":60,"covered":53,"skipped":0,"pct":88.33},"branchesTrue":{"total":0,"covered":0,"skipped":0,"pct":100}}
,"C:/Users/Bruno/Desktop/Code/condition-editor/src/App.tsx": {"lines":{"total":1,"covered":1,"skipped":0,"pct":100},"functions":{"total":1,"covered":1,"skipped":0,"pct":100},"statements":{"total":1,"covered":1,"skipped":0,"pct":100},"branches":{"total":0,"covered":0,"skipped":0,"pct":100}}
,"C:/Users/Bruno/Desktop/Code/condition-editor/src/components/Filter.tsx": {"lines":{"total":25,"covered":22,"skipped":0,"pct":88},"functions":{"total":10,"covered":9,"skipped":0,"pct":90},"statements":{"total":27,"covered":24,"skipped":0,"pct":88.88},"branches":{"total":18,"covered":16,"skipped":0,"pct":88.88}}
,"C:/Users/Bruno/Desktop/Code/condition-editor/src/components/ProductsTable.tsx": {"lines":{"total":6,"covered":6,"skipped":0,"pct":100},"functions":{"total":4,"covered":4,"skipped":0,"pct":100},"statements":{"total":6,"covered":6,"skipped":0,"pct":100},"branches":{"total":2,"covered":2,"skipped":0,"pct":100}}
,"C:/Users/Bruno/Desktop/Code/condition-editor/src/context/FilterContext.tsx": {"lines":{"total":36,"covered":23,"skipped":0,"pct":63.88},"functions":{"total":14,"covered":5,"skipped":0,"pct":35.71},"statements":{"total":36,"covered":23,"skipped":0,"pct":63.88},"branches":{"total":4,"covered":3,"skipped":0,"pct":75}}
,"C:/Users/Bruno/Desktop/Code/condition-editor/src/hooks/useFindEnumeratedOptions.ts": {"lines":{"total":6,"covered":6,"skipped":0,"pct":100},"functions":{"total":2,"covered":2,"skipped":0,"pct":100},"statements":{"total":7,"covered":7,"skipped":0,"pct":100},"branches":{"total":6,"covered":6,"skipped":0,"pct":100}}
,"C:/Users/Bruno/Desktop/Code/condition-editor/src/hooks/useFindPossibleOperators.ts": {"lines":{"total":7,"covered":7,"skipped":0,"pct":100},"functions":{"total":3,"covered":3,"skipped":0,"pct":100},"statements":{"total":10,"covered":9,"skipped":0,"pct":90},"branches":{"total":4,"covered":3,"skipped":0,"pct":75}}
,"C:/Users/Bruno/Desktop/Code/condition-editor/src/hooks/useGetInputType.ts": {"lines":{"total":8,"covered":8,"skipped":0,"pct":100},"functions":{"total":1,"covered":1,"skipped":0,"pct":100},"statements":{"total":9,"covered":9,"skipped":0,"pct":100},"branches":{"total":8,"covered":8,"skipped":0,"pct":100}}
,"C:/Users/Bruno/Desktop/Code/condition-editor/src/store/index.ts": {"lines":{"total":3,"covered":3,"skipped":0,"pct":100},"functions":{"total":0,"covered":0,"skipped":0,"pct":100},"statements":{"total":3,"covered":3,"skipped":0,"pct":100},"branches":{"total":0,"covered":0,"skipped":0,"pct":100}}
,"C:/Users/Bruno/Desktop/Code/condition-editor/src/types/index.ts": {"lines":{"total":12,"covered":12,"skipped":0,"pct":100},"functions":{"total":2,"covered":2,"skipped":0,"pct":100},"statements":{"total":14,"covered":14,"skipped":0,"pct":100},"branches":{"total":4,"covered":4,"skipped":0,"pct":100}}
,"C:/Users/Bruno/Desktop/Code/condition-editor/src/utils/findOperatorById.ts": {"lines":{"total":1,"covered":1,"skipped":0,"pct":100},"functions":{"total":2,"covered":2,"skipped":0,"pct":100},"statements":{"total":2,"covered":2,"skipped":0,"pct":100},"branches":{"total":0,"covered":0,"skipped":0,"pct":100}}
,"C:/Users/Bruno/Desktop/Code/condition-editor/src/utils/findPropertyById.ts": {"lines":{"total":1,"covered":1,"skipped":0,"pct":100},"functions":{"total":2,"covered":2,"skipped":0,"pct":100},"statements":{"total":2,"covered":2,"skipped":0,"pct":100},"branches":{"total":0,"covered":0,"skipped":0,"pct":100}}
,"C:/Users/Bruno/Desktop/Code/condition-editor/src/utils/findPropertyValueByPropertyId.ts": {"lines":{"total":2,"covered":2,"skipped":0,"pct":100},"functions":{"total":2,"covered":2,"skipped":0,"pct":100},"statements":{"total":2,"covered":2,"skipped":0,"pct":100},"branches":{"total":0,"covered":0,"skipped":0,"pct":100}}
,"C:/Users/Bruno/Desktop/Code/condition-editor/src/utils/formatEnumToDropdownObject.ts": {"lines":{"total":2,"covered":2,"skipped":0,"pct":100},"functions":{"total":2,"covered":2,"skipped":0,"pct":100},"statements":{"total":2,"covered":2,"skipped":0,"pct":100},"branches":{"total":0,"covered":0,"skipped":0,"pct":100}}
,"C:/Users/Bruno/Desktop/Code/condition-editor/src/utils/formatOperatorToDropdownObject.ts": {"lines":{"total":2,"covered":2,"skipped":0,"pct":100},"functions":{"total":2,"covered":2,"skipped":0,"pct":100},"statements":{"total":2,"covered":2,"skipped":0,"pct":100},"branches":{"total":0,"covered":0,"skipped":0,"pct":100}}
,"C:/Users/Bruno/Desktop/Code/condition-editor/src/utils/formatPropertyToDropdownObject.ts": {"lines":{"total":2,"covered":2,"skipped":0,"pct":100},"functions":{"total":2,"covered":2,"skipped":0,"pct":100},"statements":{"total":2,"covered":2,"skipped":0,"pct":100},"branches":{"total":0,"covered":0,"skipped":0,"pct":100}}
,"C:/Users/Bruno/Desktop/Code/condition-editor/src/utils/index.ts": {"lines":{"total":1,"covered":1,"skipped":0,"pct":100},"functions":{"total":0,"covered":0,"skipped":0,"pct":100},"statements":{"total":1,"covered":1,"skipped":0,"pct":100},"branches":{"total":0,"covered":0,"skipped":0,"pct":100}}
,"C:/Users/Bruno/Desktop/Code/condition-editor/src/validatons/validateOperator.ts": {"lines":{"total":14,"covered":12,"skipped":0,"pct":85.71},"functions":{"total":2,"covered":1,"skipped":0,"pct":50},"statements":{"total":14,"covered":12,"skipped":0,"pct":85.71},"branches":{"total":14,"covered":11,"skipped":0,"pct":78.57}}
}
